Analysis & Synthesis report for ArquitecturaHybridARMIPS
Sun Sep 23 15:50:11 2018
Quartus Prime Version 18.0.0 Build 614 04/24/2018 SJ Lite Edition


---------------------
; Table of Contents ;
---------------------
  1. Legal Notice
  2. Analysis & Synthesis Summary
  3. Analysis & Synthesis Settings
  4. Parallel Compilation
  5. Analysis & Synthesis Source Files Read
  6. Analysis & Synthesis Resource Usage Summary
  7. Analysis & Synthesis Resource Utilization by Entity
  8. Registers Removed During Synthesis
  9. Removed Registers Triggering Further Register Optimizations
 10. General Register Statistics
 11. Port Connectivity Checks: "Memory:memeria_instrucciones"
 12. Port Connectivity Checks: "Sumador:sumador"
 13. Post-Synthesis Netlist Statistics for Top Partition
 14. Elapsed Time Per Partition
 15. Analysis & Synthesis Messages



----------------
; Legal Notice ;
----------------
Copyright (C) 2018  Intel Corporation. All rights reserved.
Your use of Intel Corporation's design tools, logic functions 
and other software and tools, and its AMPP partner logic 
functions, and any output files from any of the foregoing 
(including device programming or simulation files), and any 
associated documentation or information are expressly subject 
to the terms and conditions of the Intel Program License 
Subscription Agreement, the Intel Quartus Prime License Agreement,
the Intel FPGA IP License Agreement, or other applicable license
agreement, including, without limitation, that your use is for
the sole purpose of programming logic devices manufactured by
Intel and sold by Intel or its authorized distributors.  Please
refer to the applicable agreement for further details.



+----------------------------------------------------------------------------------+
; Analysis & Synthesis Summary                                                     ;
+------------------------------------+---------------------------------------------+
; Analysis & Synthesis Status        ; Successful - Sun Sep 23 15:50:11 2018       ;
; Quartus Prime Version              ; 18.0.0 Build 614 04/24/2018 SJ Lite Edition ;
; Revision Name                      ; ArquitecturaHybridARMIPS                    ;
; Top-level Entity Name              ; Fetch                                       ;
; Family                             ; Cyclone IV GX                               ;
; Total logic elements               ; 0                                           ;
;     Total combinational functions  ; 0                                           ;
;     Dedicated logic registers      ; 0                                           ;
; Total registers                    ; 0                                           ;
; Total pins                         ; 66                                          ;
; Total virtual pins                 ; 0                                           ;
; Total memory bits                  ; 0                                           ;
; Embedded Multiplier 9-bit elements ; 0                                           ;
; Total GXB Receiver Channel PCS     ; 0                                           ;
; Total GXB Receiver Channel PMA     ; 0                                           ;
; Total GXB Transmitter Channel PCS  ; 0                                           ;
; Total GXB Transmitter Channel PMA  ; 0                                           ;
; Total PLLs                         ; 0                                           ;
+------------------------------------+---------------------------------------------+


+------------------------------------------------------------------------------------------------------------------+
; Analysis & Synthesis Settings                                                                                    ;
+------------------------------------------------------------------+--------------------+--------------------------+
; Option                                                           ; Setting            ; Default Value            ;
+------------------------------------------------------------------+--------------------+--------------------------+
; Top-level entity name                                            ; Fetch              ; ArquitecturaHybridARMIPS ;
; Family name                                                      ; Cyclone IV GX      ; Cyclone V                ;
; Use smart compilation                                            ; Off                ; Off                      ;
; Enable parallel Assembler and Timing Analyzer during compilation ; On                 ; On                       ;
; Enable compact report table                                      ; Off                ; Off                      ;
; Restructure Multiplexers                                         ; Auto               ; Auto                     ;
; Create Debugging Nodes for IP Cores                              ; Off                ; Off                      ;
; Preserve fewer node names                                        ; On                 ; On                       ;
; Intel FPGA IP Evaluation Mode                                    ; Enable             ; Enable                   ;
; Verilog Version                                                  ; Verilog_2001       ; Verilog_2001             ;
; VHDL Version                                                     ; VHDL_1993          ; VHDL_1993                ;
; State Machine Processing                                         ; Auto               ; Auto                     ;
; Safe State Machine                                               ; Off                ; Off                      ;
; Extract Verilog State Machines                                   ; On                 ; On                       ;
; Extract VHDL State Machines                                      ; On                 ; On                       ;
; Ignore Verilog initial constructs                                ; Off                ; Off                      ;
; Iteration limit for constant Verilog loops                       ; 5000               ; 5000                     ;
; Iteration limit for non-constant Verilog loops                   ; 250                ; 250                      ;
; Add Pass-Through Logic to Inferred RAMs                          ; On                 ; On                       ;
; Infer RAMs from Raw Logic                                        ; On                 ; On                       ;
; Parallel Synthesis                                               ; On                 ; On                       ;
; DSP Block Balancing                                              ; Auto               ; Auto                     ;
; NOT Gate Push-Back                                               ; On                 ; On                       ;
; Power-Up Don't Care                                              ; On                 ; On                       ;
; Remove Redundant Logic Cells                                     ; Off                ; Off                      ;
; Remove Duplicate Registers                                       ; On                 ; On                       ;
; Ignore CARRY Buffers                                             ; Off                ; Off                      ;
; Ignore CASCADE Buffers                                           ; Off                ; Off                      ;
; Ignore GLOBAL Buffers                                            ; Off                ; Off                      ;
; Ignore ROW GLOBAL Buffers                                        ; Off                ; Off                      ;
; Ignore LCELL Buffers                                             ; Off                ; Off                      ;
; Ignore SOFT Buffers                                              ; On                 ; On                       ;
; Limit AHDL Integers to 32 Bits                                   ; Off                ; Off                      ;
; Optimization Technique                                           ; Balanced           ; Balanced                 ;
; Carry Chain Length                                               ; 70                 ; 70                       ;
; Auto Carry Chains                                                ; On                 ; On                       ;
; Auto Open-Drain Pins                                             ; On                 ; On                       ;
; Perform WYSIWYG Primitive Resynthesis                            ; Off                ; Off                      ;
; Auto ROM Replacement                                             ; On                 ; On                       ;
; Auto RAM Replacement                                             ; On                 ; On                       ;
; Auto DSP Block Replacement                                       ; On                 ; On                       ;
; Auto Shift Register Replacement                                  ; Auto               ; Auto                     ;
; Allow Shift Register Merging across Hierarchies                  ; Auto               ; Auto                     ;
; Auto Clock Enable Replacement                                    ; On                 ; On                       ;
; Strict RAM Replacement                                           ; Off                ; Off                      ;
; Allow Synchronous Control Signals                                ; On                 ; On                       ;
; Force Use of Synchronous Clear Signals                           ; Off                ; Off                      ;
; Auto RAM Block Balancing                                         ; On                 ; On                       ;
; Auto RAM to Logic Cell Conversion                                ; Off                ; Off                      ;
; Auto Resource Sharing                                            ; Off                ; Off                      ;
; Allow Any RAM Size For Recognition                               ; Off                ; Off                      ;
; Allow Any ROM Size For Recognition                               ; Off                ; Off                      ;
; Allow Any Shift Register Size For Recognition                    ; Off                ; Off                      ;
; Use LogicLock Constraints during Resource Balancing              ; On                 ; On                       ;
; Ignore translate_off and synthesis_off directives                ; Off                ; Off                      ;
; Timing-Driven Synthesis                                          ; On                 ; On                       ;
; Report Parameter Settings                                        ; On                 ; On                       ;
; Report Source Assignments                                        ; On                 ; On                       ;
; Report Connectivity Checks                                       ; On                 ; On                       ;
; Ignore Maximum Fan-Out Assignments                               ; Off                ; Off                      ;
; Synchronization Register Chain Length                            ; 2                  ; 2                        ;
; Power Optimization During Synthesis                              ; Normal compilation ; Normal compilation       ;
; HDL message level                                                ; Level2             ; Level2                   ;
; Suppress Register Optimization Related Messages                  ; Off                ; Off                      ;
; Number of Removed Registers Reported in Synthesis Report         ; 5000               ; 5000                     ;
; Number of Swept Nodes Reported in Synthesis Report               ; 5000               ; 5000                     ;
; Number of Inverted Registers Reported in Synthesis Report        ; 100                ; 100                      ;
; Clock MUX Protection                                             ; On                 ; On                       ;
; Auto Gated Clock Conversion                                      ; Off                ; Off                      ;
; Block Design Naming                                              ; Auto               ; Auto                     ;
; SDC constraint protection                                        ; Off                ; Off                      ;
; Synthesis Effort                                                 ; Auto               ; Auto                     ;
; Shift Register Replacement - Allow Asynchronous Clear Signal     ; On                 ; On                       ;
; Pre-Mapping Resynthesis Optimization                             ; Off                ; Off                      ;
; Analysis & Synthesis Message Level                               ; Medium             ; Medium                   ;
; Disable Register Merging Across Hierarchies                      ; Auto               ; Auto                     ;
; Resource Aware Inference For Block RAM                           ; On                 ; On                       ;
+------------------------------------------------------------------+--------------------+--------------------------+


+------------------------------------------+
; Parallel Compilation                     ;
+----------------------------+-------------+
; Processors                 ; Number      ;
+----------------------------+-------------+
; Number detected on machine ; 4           ;
; Maximum allowed            ; 2           ;
;                            ;             ;
; Average used               ; 1.00        ;
; Maximum used               ; 1           ;
;                            ;             ;
; Usage by Processor         ; % Time Used ;
;     Processor 1            ; 100.0%      ;
+----------------------------+-------------+


+-------------------------------------------------------------------------------------------------------------------------------------------------------+
; Analysis & Synthesis Source Files Read                                                                                                                ;
+----------------------------------+-----------------+------------------------------+---------------------------------------------------------+---------+
; File Name with User-Entered Path ; Used in Netlist ; File Type                    ; File Name with Absolute Path                            ; Library ;
+----------------------------------+-----------------+------------------------------+---------------------------------------------------------+---------+
; Memory.sv                        ; yes             ; User SystemVerilog HDL File  ; D:/ProyectosQuartus/ArquitecturaHybridARMIPS/Memory.sv  ;         ;
; Fetch.sv                         ; yes             ; User SystemVerilog HDL File  ; D:/ProyectosQuartus/ArquitecturaHybridARMIPS/Fetch.sv   ;         ;
; Sumador.sv                       ; yes             ; User SystemVerilog HDL File  ; D:/ProyectosQuartus/ArquitecturaHybridARMIPS/Sumador.sv ;         ;
+----------------------------------+-----------------+------------------------------+---------------------------------------------------------+---------+


+---------------------------------------------+
; Analysis & Synthesis Resource Usage Summary ;
+--------------------------+------------------+
; Resource                 ; Usage            ;
+--------------------------+------------------+
; I/O pins                 ; 66               ;
;                          ;                  ;
; DSP block 9-bit elements ; 0                ;
;                          ;                  ;
; Maximum fan-out node     ; clk              ;
; Maximum fan-out          ; 1                ;
; Total fan-out            ; 66               ;
; Average fan-out          ; 0.50             ;
+--------------------------+------------------+


+----------------------------------------------------------------------------------------------------------------------------------------------------------------------------------------------------------------------+
; Analysis & Synthesis Resource Utilization by Entity                                                                                                                                                                  ;
+----------------------------+---------------------+---------------------------+-------------+--------------+---------+-----------+-----------+------+--------------+---------------------+-------------+--------------+
; Compilation Hierarchy Node ; Combinational ALUTs ; Dedicated Logic Registers ; Memory Bits ; DSP Elements ; DSP 9x9 ; DSP 18x18 ; DSP 36x36 ; Pins ; Virtual Pins ; Full Hierarchy Name ; Entity Name ; Library Name ;
+----------------------------+---------------------+---------------------------+-------------+--------------+---------+-----------+-----------+------+--------------+---------------------+-------------+--------------+
; |Fetch                     ; 0 (0)               ; 0 (0)                     ; 0           ; 0            ; 0       ; 0         ; 0         ; 66   ; 0            ; |Fetch              ; Fetch       ; work         ;
+----------------------------+---------------------+---------------------------+-------------+--------------+---------+-----------+-----------+------+--------------+---------------------+-------------+--------------+
Note: For table entries with two numbers listed, the numbers in parentheses indicate the number of resources of the given type used by the specific entity alone. The numbers listed outside of parentheses indicate the total resources of the given type used by the specific entity and all of its sub-entities in the hierarchy.


+---------------------------------------------------------------------------------------+
; Registers Removed During Synthesis                                                    ;
+----------------------------------------------+----------------------------------------+
; Register name                                ; Reason for Removal                     ;
+----------------------------------------------+----------------------------------------+
; Memory:memeria_instrucciones|data_out[0..31] ; Stuck at GND due to stuck port data_in ;
; pc[0..7]                                     ; Lost fanout                            ;
; Total Number of Removed Registers = 40       ;                                        ;
+----------------------------------------------+----------------------------------------+


+--------------------------------------------------------------------------------------+
; Removed Registers Triggering Further Register Optimizations                          ;
+---------------+--------------------+-------------------------------------------------+
; Register name ; Reason for Removal ; Registers Removed due to This Register          ;
+---------------+--------------------+-------------------------------------------------+
; pc[0]         ; Lost Fanouts       ; pc[1], pc[2], pc[3], pc[4], pc[5], pc[6], pc[7] ;
+---------------+--------------------+-------------------------------------------------+


+------------------------------------------------------+
; General Register Statistics                          ;
+----------------------------------------------+-------+
; Statistic                                    ; Value ;
+----------------------------------------------+-------+
; Total registers                              ; 0     ;
; Number of registers using Synchronous Clear  ; 0     ;
; Number of registers using Synchronous Load   ; 0     ;
; Number of registers using Asynchronous Clear ; 0     ;
; Number of registers using Asynchronous Load  ; 0     ;
; Number of registers using Clock Enable       ; 0     ;
; Number of registers using Preset             ; 0     ;
+----------------------------------------------+-------+


+-----------------------------------------------------------------------------------------------------------------------------------------------------------------------------------------------------------------+
; Port Connectivity Checks: "Memory:memeria_instrucciones"                                                                                                                                                        ;
+---------+-------+----------+------------------------------------------------------------------------------------------------------------------------------------------------------------------------------------+
; Port    ; Type  ; Severity ; Details                                                                                                                                                                            ;
+---------+-------+----------+------------------------------------------------------------------------------------------------------------------------------------------------------------------------------------+
; wr      ; Input ; Warning  ; Input port expression (32 bits) is wider than the input port (1 bits) it drives.  The 31 most-significant bit(s) in the expression will be dangling if they have no other fanouts. ;
; wr[-1]  ; Input ; Info     ; Stuck at GND                                                                                                                                                                       ;
; data_in ; Input ; Info     ; Stuck at GND                                                                                                                                                                       ;
+---------+-------+----------+------------------------------------------------------------------------------------------------------------------------------------------------------------------------------------+


+-------------------------------------------------------------------------------------------------------------------------------------------------------------------------------------------------------------------------+
; Port Connectivity Checks: "Sumador:sumador"                                                                                                                                                                             ;
+----------------+--------+----------+------------------------------------------------------------------------------------------------------------------------------------------------------------------------------------+
; Port           ; Type   ; Severity ; Details                                                                                                                                                                            ;
+----------------+--------+----------+------------------------------------------------------------------------------------------------------------------------------------------------------------------------------------+
; sumando1       ; Input  ; Warning  ; Input port expression (32 bits) is wider than the input port (8 bits) it drives.  The 24 most-significant bit(s) in the expression will be dangling if they have no other fanouts. ;
; sumando2       ; Input  ; Warning  ; Input port expression (32 bits) is wider than the input port (8 bits) it drives.  The 24 most-significant bit(s) in the expression will be dangling if they have no other fanouts. ;
; sumando2[7..1] ; Input  ; Info     ; Stuck at GND                                                                                                                                                                       ;
; sumando2[0]    ; Input  ; Info     ; Stuck at VCC                                                                                                                                                                       ;
; resultado      ; Output ; Warning  ; Output or bidir port (8 bits) is smaller than the port expression (32 bits) it drives.  The 24 most-significant bit(s) in the port expression will be connected to GND.            ;
+----------------+--------+----------+------------------------------------------------------------------------------------------------------------------------------------------------------------------------------------+


+-----------------------------------------------------+
; Post-Synthesis Netlist Statistics for Top Partition ;
+-----------------------+-----------------------------+
; Type                  ; Count                       ;
+-----------------------+-----------------------------+
; boundary_port         ; 66                          ;
; cycloneiii_lcell_comb ; 1                           ;
;     normal            ; 1                           ;
;         0 data inputs ; 1                           ;
;                       ;                             ;
; Max LUT depth         ; 0.00                        ;
; Average LUT depth     ; 0.00                        ;
+-----------------------+-----------------------------+


+-------------------------------+
; Elapsed Time Per Partition    ;
+----------------+--------------+
; Partition Name ; Elapsed Time ;
+----------------+--------------+
; Top            ; 00:00:00     ;
+----------------+--------------+


+-------------------------------+
; Analysis & Synthesis Messages ;
+-------------------------------+
Info: *******************************************************************
Info: Running Quartus Prime Analysis & Synthesis
    Info: Version 18.0.0 Build 614 04/24/2018 SJ Lite Edition
    Info: Processing started: Sun Sep 23 15:49:55 2018
Info: Command: quartus_map --read_settings_files=on --write_settings_files=off ArquitecturaHybridARMIPS -c ArquitecturaHybridARMIPS
Warning (18236): Number of processors has not been specified which may cause overloading on shared machines.  Set the global assignment NUM_PARALLEL_PROCESSORS in your QSF to an appropriate value for best performance.
Info (20030): Parallel compilation is enabled and will use 2 of the 2 processors detected
Info (12021): Found 1 design units, including 1 entities, in source file memory.sv
    Info (12023): Found entity 1: Memory File: D:/ProyectosQuartus/ArquitecturaHybridARMIPS/Memory.sv Line: 1
Info (12021): Found 0 design units, including 0 entities, in source file arquitecturahybridarmips.sv
Info (12021): Found 1 design units, including 1 entities, in source file fetch.sv
    Info (12023): Found entity 1: Fetch File: D:/ProyectosQuartus/ArquitecturaHybridARMIPS/Fetch.sv Line: 1
Info (12021): Found 1 design units, including 1 entities, in source file sumador.sv
    Info (12023): Found entity 1: Sumador File: D:/ProyectosQuartus/ArquitecturaHybridARMIPS/Sumador.sv Line: 1
Info (12021): Found 1 design units, including 1 entities, in source file sumadortb.sv
    Info (12023): Found entity 1: SumadorTB File: D:/ProyectosQuartus/ArquitecturaHybridARMIPS/SumadorTB.sv Line: 1
Info (12021): Found 1 design units, including 1 entities, in source file memorytb.sv
    Info (12023): Found entity 1: MemoryTB File: D:/ProyectosQuartus/ArquitecturaHybridARMIPS/MemoryTB.sv Line: 1
Info (12021): Found 1 design units, including 1 entities, in source file fetchtb.sv
    Info (12023): Found entity 1: FetchTB File: D:/ProyectosQuartus/ArquitecturaHybridARMIPS/FetchTB.sv Line: 1
Info (12127): Elaborating entity "Fetch" for the top level hierarchy
Info (12128): Elaborating entity "Sumador" for hierarchy "Sumador:sumador" File: D:/ProyectosQuartus/ArquitecturaHybridARMIPS/Fetch.sv Line: 11
Info (12128): Elaborating entity "Memory" for hierarchy "Memory:memeria_instrucciones" File: D:/ProyectosQuartus/ArquitecturaHybridARMIPS/Fetch.sv Line: 12
Warning (12241): 2 hierarchies have connectivity warnings - see the Connectivity Checks report folder
Warning (13024): Output pins are stuck at VCC or GND
    Warning (13410): Pin "inst[0]" is stuck at GND File: D:/ProyectosQuartus/ArquitecturaHybridARMIPS/Fetch.sv Line: 6
    Warning (13410): Pin "inst[1]" is stuck at GND File: D:/ProyectosQuartus/ArquitecturaHybridARMIPS/Fetch.sv Line: 6
    Warning (13410): Pin "inst[2]" is stuck at GND File: D:/ProyectosQuartus/ArquitecturaHybridARMIPS/Fetch.sv Line: 6
    Warning (13410): Pin "inst[3]" is stuck at GND File: D:/ProyectosQuartus/ArquitecturaHybridARMIPS/Fetch.sv Line: 6
    Warning (13410): Pin "inst[4]" is stuck at GND File: D:/ProyectosQuartus/ArquitecturaHybridARMIPS/Fetch.sv Line: 6
    Warning (13410): Pin "inst[5]" is stuck at GND File: D:/ProyectosQuartus/ArquitecturaHybridARMIPS/Fetch.sv Line: 6
    Warning (13410): Pin "inst[6]" is stuck at GND File: D:/ProyectosQuartus/ArquitecturaHybridARMIPS/Fetch.sv Line: 6
    Warning (13410): Pin "inst[7]" is stuck at GND File: D:/ProyectosQuartus/ArquitecturaHybridARMIPS/Fetch.sv Line: 6
    Warning (13410): Pin "inst[8]" is stuck at GND File: D:/ProyectosQuartus/ArquitecturaHybridARMIPS/Fetch.sv Line: 6
    Warning (13410): Pin "inst[9]" is stuck at GND File: D:/ProyectosQuartus/ArquitecturaHybridARMIPS/Fetch.sv Line: 6
    Warning (13410): Pin "inst[10]" is stuck at GND File: D:/ProyectosQuartus/ArquitecturaHybridARMIPS/Fetch.sv Line: 6
    Warning (13410): Pin "inst[11]" is stuck at GND File: D:/ProyectosQuartus/ArquitecturaHybridARMIPS/Fetch.sv Line: 6
    Warning (13410): Pin "inst[12]" is stuck at GND File: D:/ProyectosQuartus/ArquitecturaHybridARMIPS/Fetch.sv Line: 6
    Warning (13410): Pin "inst[13]" is stuck at GND File: D:/ProyectosQuartus/ArquitecturaHybridARMIPS/Fetch.sv Line: 6
    Warning (13410): Pin "inst[14]" is stuck at GND File: D:/ProyectosQuartus/ArquitecturaHybridARMIPS/Fetch.sv Line: 6
    Warning (13410): Pin "inst[15]" is stuck at GND File: D:/ProyectosQuartus/ArquitecturaHybridARMIPS/Fetch.sv Line: 6
    Warning (13410): Pin "inst[16]" is stuck at GND File: D:/ProyectosQuartus/ArquitecturaHybridARMIPS/Fetch.sv Line: 6
    Warning (13410): Pin "inst[17]" is stuck at GND File: D:/ProyectosQuartus/ArquitecturaHybridARMIPS/Fetch.sv Line: 6
    Warning (13410): Pin "inst[18]" is stuck at GND File: D:/ProyectosQuartus/ArquitecturaHybridARMIPS/Fetch.sv Line: 6
    Warning (13410): Pin "inst[19]" is stuck at GND File: D:/ProyectosQuartus/ArquitecturaHybridARMIPS/Fetch.sv Line: 6
    Warning (13410): Pin "inst[20]" is stuck at GND File: D:/ProyectosQuartus/ArquitecturaHybridARMIPS/Fetch.sv Line: 6
    Warning (13410): Pin "inst[21]" is stuck at GND File: D:/ProyectosQuartus/ArquitecturaHybridARMIPS/Fetch.sv Line: 6
    Warning (13410): Pin "inst[22]" is stuck at GND File: D:/ProyectosQuartus/ArquitecturaHybridARMIPS/Fetch.sv Line: 6
    Warning (13410): Pin "inst[23]" is stuck at GND File: D:/ProyectosQuartus/ArquitecturaHybridARMIPS/Fetch.sv Line: 6
    Warning (13410): Pin "inst[24]" is stuck at GND File: D:/ProyectosQuartus/ArquitecturaHybridARMIPS/Fetch.sv Line: 6
    Warning (13410): Pin "inst[25]" is stuck at GND File: D:/ProyectosQuartus/ArquitecturaHybridARMIPS/Fetch.sv Line: 6
    Warning (13410): Pin "inst[26]" is stuck at GND File: D:/ProyectosQuartus/ArquitecturaHybridARMIPS/Fetch.sv Line: 6
    Warning (13410): Pin "inst[27]" is stuck at GND File: D:/ProyectosQuartus/ArquitecturaHybridARMIPS/Fetch.sv Line: 6
    Warning (13410): Pin "inst[28]" is stuck at GND File: D:/ProyectosQuartus/ArquitecturaHybridARMIPS/Fetch.sv Line: 6
    Warning (13410): Pin "inst[29]" is stuck at GND File: D:/ProyectosQuartus/ArquitecturaHybridARMIPS/Fetch.sv Line: 6
    Warning (13410): Pin "inst[30]" is stuck at GND File: D:/ProyectosQuartus/ArquitecturaHybridARMIPS/Fetch.sv Line: 6
    Warning (13410): Pin "inst[31]" is stuck at GND File: D:/ProyectosQuartus/ArquitecturaHybridARMIPS/Fetch.sv Line: 6
Info (17049): 8 registers lost all their fanouts during netlist optimizations.
Info (16010): Generating hard_block partition "hard_block:auto_generated_inst"
    Info (16011): Adding 0 node(s), including 0 DDIO, 0 PLL, 0 transceiver and 0 LCELL
Warning (21074): Design contains 34 input pin(s) that do not drive logic
    Warning (15610): No output dependent on input pin "clk" File: D:/ProyectosQuartus/ArquitecturaHybridARMIPS/Fetch.sv Line: 2
    Warning (15610): No output dependent on input pin "PCsrc" File: D:/ProyectosQuartus/ArquitecturaHybridARMIPS/Fetch.sv Line: 3
    Warning (15610): No output dependent on input pin "PCalu[0]" File: D:/ProyectosQuartus/ArquitecturaHybridARMIPS/Fetch.sv Line: 4
    Warning (15610): No output dependent on input pin "PCalu[1]" File: D:/ProyectosQuartus/ArquitecturaHybridARMIPS/Fetch.sv Line: 4
    Warning (15610): No output dependent on input pin "PCalu[2]" File: D:/ProyectosQuartus/ArquitecturaHybridARMIPS/Fetch.sv Line: 4
    Warning (15610): No output dependent on input pin "PCalu[3]" File: D:/ProyectosQuartus/ArquitecturaHybridARMIPS/Fetch.sv Line: 4
    Warning (15610): No output dependent on input pin "PCalu[4]" File: D:/ProyectosQuartus/ArquitecturaHybridARMIPS/Fetch.sv Line: 4
    Warning (15610): No output dependent on input pin "PCalu[5]" File: D:/ProyectosQuartus/ArquitecturaHybridARMIPS/Fetch.sv Line: 4
    Warning (15610): No output dependent on input pin "PCalu[6]" File: D:/ProyectosQuartus/ArquitecturaHybridARMIPS/Fetch.sv Line: 4
    Warning (15610): No output dependent on input pin "PCalu[7]" File: D:/ProyectosQuartus/ArquitecturaHybridARMIPS/Fetch.sv Line: 4
    Warning (15610): No output dependent on input pin "PCalu[8]" File: D:/ProyectosQuartus/ArquitecturaHybridARMIPS/Fetch.sv Line: 4
    Warning (15610): No output dependent on input pin "PCalu[9]" File: D:/ProyectosQuartus/ArquitecturaHybridARMIPS/Fetch.sv Line: 4
    Warning (15610): No output dependent on input pin "PCalu[10]" File: D:/ProyectosQuartus/ArquitecturaHybridARMIPS/Fetch.sv Line: 4
    Warning (15610): No output dependent on input pin "PCalu[11]" File: D:/ProyectosQuartus/ArquitecturaHybridARMIPS/Fetch.sv Line: 4
    Warning (15610): No output dependent on input pin "PCalu[12]" File: D:/ProyectosQuartus/ArquitecturaHybridARMIPS/Fetch.sv Line: 4
    Warning (15610): No output dependent on input pin "PCalu[13]" File: D:/ProyectosQuartus/ArquitecturaHybridARMIPS/Fetch.sv Line: 4
    Warning (15610): No output dependent on input pin "PCalu[14]" File: D:/ProyectosQuartus/ArquitecturaHybridARMIPS/Fetch.sv Line: 4
    Warning (15610): No output dependent on input pin "PCalu[15]" File: D:/ProyectosQuartus/ArquitecturaHybridARMIPS/Fetch.sv Line: 4
    Warning (15610): No output dependent on input pin "PCalu[16]" File: D:/ProyectosQuartus/ArquitecturaHybridARMIPS/Fetch.sv Line: 4
    Warning (15610): No output dependent on input pin "PCalu[17]" File: D:/ProyectosQuartus/ArquitecturaHybridARMIPS/Fetch.sv Line: 4
    Warning (15610): No output dependent on input pin "PCalu[18]" File: D:/ProyectosQuartus/ArquitecturaHybridARMIPS/Fetch.sv Line: 4
    Warning (15610): No output dependent on input pin "PCalu[19]" File: D:/ProyectosQuartus/ArquitecturaHybridARMIPS/Fetch.sv Line: 4
    Warning (15610): No output dependent on input pin "PCalu[20]" File: D:/ProyectosQuartus/ArquitecturaHybridARMIPS/Fetch.sv Line: 4
    Warning (15610): No output dependent on input pin "PCalu[21]" File: D:/ProyectosQuartus/ArquitecturaHybridARMIPS/Fetch.sv Line: 4
    Warning (15610): No output dependent on input pin "PCalu[22]" File: D:/ProyectosQuartus/ArquitecturaHybridARMIPS/Fetch.sv Line: 4
    Warning (15610): No output dependent on input pin "PCalu[23]" File: D:/ProyectosQuartus/ArquitecturaHybridARMIPS/Fetch.sv Line: 4
    Warning (15610): No output dependent on input pin "PCalu[24]" File: D:/ProyectosQuartus/ArquitecturaHybridARMIPS/Fetch.sv Line: 4
    Warning (15610): No output dependent on input pin "PCalu[25]" File: D:/ProyectosQuartus/ArquitecturaHybridARMIPS/Fetch.sv Line: 4
    Warning (15610): No output dependent on input pin "PCalu[26]" File: D:/ProyectosQuartus/ArquitecturaHybridARMIPS/Fetch.sv Line: 4
    Warning (15610): No output dependent on input pin "PCalu[27]" File: D:/ProyectosQuartus/ArquitecturaHybridARMIPS/Fetch.sv Line: 4
    Warning (15610): No output dependent on input pin "PCalu[28]" File: D:/ProyectosQuartus/ArquitecturaHybridARMIPS/Fetch.sv Line: 4
    Warning (15610): No output dependent on input pin "PCalu[29]" File: D:/ProyectosQuartus/ArquitecturaHybridARMIPS/Fetch.sv Line: 4
    Warning (15610): No output dependent on input pin "PCalu[30]" File: D:/ProyectosQuartus/ArquitecturaHybridARMIPS/Fetch.sv Line: 4
    Warning (15610): No output dependent on input pin "PCalu[31]" File: D:/ProyectosQuartus/ArquitecturaHybridARMIPS/Fetch.sv Line: 4
Info (21057): Implemented 66 device resources after synthesis - the final resource count might be different
    Info (21058): Implemented 34 input pins
    Info (21059): Implemented 32 output pins
Info: Quartus Prime Analysis & Synthesis was successful. 0 errors, 70 warnings
    Info: Peak virtual memory: 4824 megabytes
    Info: Processing ended: Sun Sep 23 15:50:11 2018
    Info: Elapsed time: 00:00:16
    Info: Total CPU time (on all processors): 00:00:39


